[2022-09-14 08:49:52,318] [autoreload.py:637] [autoreload:run_with_reloader] [INFO]- Watching for file changes with StatReloader
[2022-09-14 08:50:07,607] [autoreload.py:251] [autoreload:trigger_reload] [INFO]- E:\zl\git-django-qyzs\django_wx_qhzs\wxcloudrun\settings.py changed, reloading.
[2022-09-14 08:50:08,829] [autoreload.py:637] [autoreload:run_with_reloader] [INFO]- Watching for file changes with StatReloader
[2022-09-14 10:17:28,255] [autoreload.py:251] [autoreload:trigger_reload] [INFO]- E:\zl\git-django-qyzs\django_wx_qhzs\wxcloudrun\settings.py changed, reloading.
[2022-09-14 10:17:29,637] [autoreload.py:637] [autoreload:run_with_reloader] [INFO]- Watching for file changes with StatReloader
[2022-09-14 10:17:43,893] [autoreload.py:637] [autoreload:run_with_reloader] [INFO]- Watching for file changes with StatReloader
[2022-09-14 10:17:54,238] [basehttp.py:161] [basehttp:log_message] [INFO]- "GET / HTTP/1.1" 200 6021
[2022-09-14 10:18:38,471] [log.py:224] [log:log_response] [WARNING]- Not Found: /favicon.ico
[2022-09-14 10:18:38,472] [basehttp.py:161] [basehttp:log_message] [WARNING]- "GET /favicon.ico HTTP/1.1" 404 9499
[2022-09-14 10:18:39,069] [log.py:224] [log:log_response] [WARNING]- Not Found: /favicon.ico
[2022-09-14 10:18:39,069] [basehttp.py:161] [basehttp:log_message] [WARNING]- "GET /favicon.ico HTTP/1.1" 404 9499
[2022-09-14 10:18:39,410] [basehttp.py:161] [basehttp:log_message] [INFO]- "GET /parklist HTTP/1.1" 301 0
[2022-09-14 10:18:39,792] [basehttp.py:161] [basehttp:log_message] [INFO]- "GET /parklist/ HTTP/1.1" 200 37364
[2022-09-14 10:18:39,833] [basehttp.py:161] [basehttp:log_message] [WARNING]- "GET /static/js/jquery-3.6.0.min.js HTTP/1.1" 404 1825
[2022-09-14 10:18:39,955] [basehttp.py:161] [basehttp:log_message] [WARNING]- "GET /static/js/jquery-3.6.0.min.js HTTP/1.1" 404 1825
[2022-09-14 10:23:55,554] [basehttp.py:161] [basehttp:log_message] [INFO]- "GET /parklist/ HTTP/1.1" 200 37461
[2022-09-14 10:23:55,598] [basehttp.py:161] [basehttp:log_message] [WARNING]- "GET /static/js/jquery-3.6.0.min.js HTTP/1.1" 404 1825
[2022-09-14 10:23:55,638] [basehttp.py:161] [basehttp:log_message] [WARNING]- "GET /static/js/jquery-3.6.0.min.js HTTP/1.1" 404 1825
[2022-09-14 10:23:56,768] [basehttp.py:161] [basehttp:log_message] [INFO]- "GET /addpark/ HTTP/1.1" 200 639
[2022-09-14 10:23:56,815] [basehttp.py:161] [basehttp:log_message] [WARNING]- "GET /static/js/jquery-3.6.0.min.js HTTP/1.1" 404 1825
[2022-09-14 10:24:02,887] [basehttp.py:161] [basehttp:log_message] [INFO]- "GET /addpark/ HTTP/1.1" 200 639
[2022-09-14 10:24:02,924] [basehttp.py:161] [basehttp:log_message] [WARNING]- "GET /static/js/jquery-3.6.0.min.js HTTP/1.1" 404 1825
[2022-09-14 10:27:15,035] [basehttp.py:161] [basehttp:log_message] [INFO]- "GET /addpark/ HTTP/1.1" 200 639
[2022-09-14 10:27:15,070] [basehttp.py:161] [basehttp:log_message] [WARNING]- "GET /static/js/jquery-3.6.0.min.js HTTP/1.1" 404 1825
[2022-09-14 10:29:55,661] [log.py:224] [log:log_response] [WARNING]- Not Found: /favicon.ico
[2022-09-14 10:29:55,662] [basehttp.py:161] [basehttp:log_message] [WARNING]- "GET /favicon.ico HTTP/1.1" 404 9499
[2022-09-14 10:30:52,546] [basehttp.py:161] [basehttp:log_message] [INFO]- "GET /addpark/ HTTP/1.1" 200 770
[2022-09-14 10:30:52,583] [basehttp.py:161] [basehttp:log_message] [WARNING]- "GET /static/js/jquery-3.6.0.min.js HTTP/1.1" 404 1825
[2022-09-14 10:30:52,615] [basehttp.py:161] [basehttp:log_message] [WARNING]- "GET /static/js/jquery-3.6.0.min.js HTTP/1.1" 404 1825
[2022-09-14 10:30:58,201] [log.py:224] [log:log_response] [ERROR]- Internal Server Error: /addpark/
Traceback (most recent call last):
  File "C:\Users\young\AppData\Local\Programs\Python\Python38\lib\site-packages\django\core\handlers\exception.py", line 47, in inner
    response = get_response(request)
  File "C:\Users\young\AppData\Local\Programs\Python\Python38\lib\site-packages\django\core\handlers\base.py", line 181, in _get_response
    response = wrapped_callback(request, *callback_args, **callback_kwargs)
  File "E:\zl\git-django-qyzs\django_wx_qhzs\polls\views.py", line 128, in add_park
    wd = load_workbook(file_obj)
  File "C:\Users\young\AppData\Local\Programs\Python\Python38\lib\site-packages\openpyxl\reader\excel.py", line 315, in load_workbook
    reader = ExcelReader(filename, read_only, keep_vba,
  File "C:\Users\young\AppData\Local\Programs\Python\Python38\lib\site-packages\openpyxl\reader\excel.py", line 124, in __init__
    self.archive = _validate_archive(fn)
  File "C:\Users\young\AppData\Local\Programs\Python\Python38\lib\site-packages\openpyxl\reader\excel.py", line 78, in _validate_archive
    file_format = os.path.splitext(filename)[-1].lower()
  File "C:\Users\young\AppData\Local\Programs\Python\Python38\lib\ntpath.py", line 204, in splitext
    p = os.fspath(p)
TypeError: expected str, bytes or os.PathLike object, not NoneType
[2022-09-14 10:30:58,205] [basehttp.py:161] [basehttp:log_message] [ERROR]- "POST /addpark/ HTTP/1.1" 500 87973
[2022-09-14 10:31:00,978] [basehttp.py:161] [basehttp:log_message] [INFO]- "GET /parkadd/ HTTP/1.1" 200 11287
[2022-09-14 10:31:01,010] [basehttp.py:161] [basehttp:log_message] [WARNING]- "GET /static/js/jquery-3.6.0.min.js HTTP/1.1" 404 1825
[2022-09-14 10:31:05,792] [log.py:224] [log:log_response] [ERROR]- Internal Server Error: /addpark/
Traceback (most recent call last):
  File "C:\Users\young\AppData\Local\Programs\Python\Python38\lib\site-packages\django\core\handlers\exception.py", line 47, in inner
    response = get_response(request)
  File "C:\Users\young\AppData\Local\Programs\Python\Python38\lib\site-packages\django\core\handlers\base.py", line 181, in _get_response
    response = wrapped_callback(request, *callback_args, **callback_kwargs)
  File "E:\zl\git-django-qyzs\django_wx_qhzs\polls\views.py", line 128, in add_park
    wd = load_workbook(file_obj)
  File "C:\Users\young\AppData\Local\Programs\Python\Python38\lib\site-packages\openpyxl\reader\excel.py", line 315, in load_workbook
    reader = ExcelReader(filename, read_only, keep_vba,
  File "C:\Users\young\AppData\Local\Programs\Python\Python38\lib\site-packages\openpyxl\reader\excel.py", line 124, in __init__
    self.archive = _validate_archive(fn)
  File "C:\Users\young\AppData\Local\Programs\Python\Python38\lib\site-packages\openpyxl\reader\excel.py", line 78, in _validate_archive
    file_format = os.path.splitext(filename)[-1].lower()
  File "C:\Users\young\AppData\Local\Programs\Python\Python38\lib\ntpath.py", line 204, in splitext
    p = os.fspath(p)
TypeError: expected str, bytes or os.PathLike object, not NoneType
[2022-09-14 10:31:05,795] [basehttp.py:161] [basehttp:log_message] [ERROR]- "POST /addpark/ HTTP/1.1" 500 87975
[2022-09-14 10:31:33,403] [basehttp.py:161] [basehttp:log_message] [INFO]- "GET /addpark/ HTTP/1.1" 200 703
[2022-09-14 10:31:33,444] [basehttp.py:161] [basehttp:log_message] [WARNING]- "GET /static/js/jquery-3.6.0.min.js HTTP/1.1" 404 1825
[2022-09-14 10:31:34,360] [log.py:224] [log:log_response] [WARNING]- Not Found: /park/
[2022-09-14 10:31:34,361] [basehttp.py:161] [basehttp:log_message] [WARNING]- "GET /park/ HTTP/1.1" 404 9481
[2022-09-14 10:32:58,735] [basehttp.py:161] [basehttp:log_message] [INFO]- "GET /addpark/ HTTP/1.1" 200 707
[2022-09-14 10:32:58,775] [basehttp.py:161] [basehttp:log_message] [WARNING]- "GET /static/js/jquery-3.6.0.min.js HTTP/1.1" 404 1825
[2022-09-14 10:33:00,280] [basehttp.py:161] [basehttp:log_message] [INFO]- "GET /parklist/ HTTP/1.1" 200 37461
[2022-09-14 10:33:00,313] [basehttp.py:161] [basehttp:log_message] [WARNING]- "GET /static/js/jquery-3.6.0.min.js HTTP/1.1" 404 1825
[2022-09-14 11:25:30,589] [log.py:224] [log:log_response] [WARNING]- Not Found: /favicon.ico
[2022-09-14 11:25:30,590] [basehttp.py:161] [basehttp:log_message] [WARNING]- "GET /favicon.ico HTTP/1.1" 404 9499
[2022-09-14 11:46:10,972] [basehttp.py:161] [basehttp:log_message] [INFO]- "GET /parklist/ HTTP/1.1" 200 37674
[2022-09-14 11:46:11,014] [basehttp.py:161] [basehttp:log_message] [WARNING]- "GET /static/js/jquery-3.6.0.min.js HTTP/1.1" 404 1825
[2022-09-14 11:47:14,360] [basehttp.py:161] [basehttp:log_message] [INFO]- "GET /parklist/ HTTP/1.1" 200 37684
[2022-09-14 11:47:14,403] [basehttp.py:161] [basehttp:log_message] [WARNING]- "GET /static/js/jquery-3.6.0.min.js HTTP/1.1" 404 1825
[2022-09-14 11:47:14,446] [basehttp.py:161] [basehttp:log_message] [WARNING]- "GET /static/js/jquery-3.6.0.min.js HTTP/1.1" 404 1825
[2022-09-14 11:47:57,814] [basehttp.py:161] [basehttp:log_message] [INFO]- "GET /parkadd/ HTTP/1.1" 200 11500
[2022-09-14 11:47:57,848] [basehttp.py:161] [basehttp:log_message] [WARNING]- "GET /static/js/jquery-3.6.0.min.js HTTP/1.1" 404 1825
[2022-09-14 11:47:57,890] [basehttp.py:161] [basehttp:log_message] [WARNING]- "GET /static/js/jquery-3.6.0.min.js HTTP/1.1" 404 1825
[2022-09-14 11:48:45,387] [basehttp.py:161] [basehttp:log_message] [INFO]- "GET /parkadd/ HTTP/1.1" 200 11520
[2022-09-14 11:48:45,420] [basehttp.py:161] [basehttp:log_message] [WARNING]- "GET /static/js/jquery-3.6.0.min.js HTTP/1.1" 404 1825
[2022-09-14 11:48:45,468] [basehttp.py:161] [basehttp:log_message] [WARNING]- "GET /static/js/jquery-3.6.0.min.js HTTP/1.1" 404 1825
[2022-09-14 11:49:54,530] [log.py:224] [log:log_response] [WARNING]- Not Found: /parkedit/1/
[2022-09-14 11:49:54,531] [basehttp.py:161] [basehttp:log_message] [WARNING]- "GET /parkedit/1/ HTTP/1.1" 404 9499
[2022-09-14 11:49:57,800] [log.py:224] [log:log_response] [WARNING]- Not Found: /parkedit/4/
[2022-09-14 11:49:57,801] [basehttp.py:161] [basehttp:log_message] [WARNING]- "GET /parkedit/4/ HTTP/1.1" 404 9499
[2022-09-14 11:59:54,185] [basehttp.py:161] [basehttp:log_message] [INFO]- "GET /parklist/ HTTP/1.1" 200 37702
[2022-09-14 11:59:54,219] [basehttp.py:161] [basehttp:log_message] [WARNING]- "GET /static/js/jquery-3.6.0.min.js HTTP/1.1" 404 1825
[2022-09-14 11:59:54,265] [basehttp.py:161] [basehttp:log_message] [WARNING]- "GET /static/js/jquery-3.6.0.min.js HTTP/1.1" 404 1825
[2022-09-14 12:53:50,926] [log.py:224] [log:log_response] [WARNING]- Not Found: /favicon.ico
[2022-09-14 12:53:50,928] [basehttp.py:161] [basehttp:log_message] [WARNING]- "GET /favicon.ico HTTP/1.1" 404 9499
[2022-09-14 13:08:48,489] [autoreload.py:251] [autoreload:trigger_reload] [INFO]- E:\zl\git-django-qyzs\django_wx_qhzs\polls\views.py changed, reloading.
[2022-09-14 13:08:49,717] [autoreload.py:637] [autoreload:run_with_reloader] [INFO]- Watching for file changes with StatReloader
[2022-09-14 13:08:59,331] [autoreload.py:251] [autoreload:trigger_reload] [INFO]- E:\zl\git-django-qyzs\django_wx_qhzs\polls\views.py changed, reloading.
[2022-09-14 13:09:00,545] [autoreload.py:637] [autoreload:run_with_reloader] [INFO]- Watching for file changes with StatReloader
[2022-09-14 13:09:04,361] [autoreload.py:251] [autoreload:trigger_reload] [INFO]- E:\zl\git-django-qyzs\django_wx_qhzs\polls\views.py changed, reloading.
[2022-09-14 13:09:05,527] [autoreload.py:637] [autoreload:run_with_reloader] [INFO]- Watching for file changes with StatReloader
[2022-09-14 13:09:28,676] [autoreload.py:251] [autoreload:trigger_reload] [INFO]- E:\zl\git-django-qyzs\django_wx_qhzs\polls\views.py changed, reloading.
[2022-09-14 13:09:29,831] [autoreload.py:637] [autoreload:run_with_reloader] [INFO]- Watching for file changes with StatReloader
[2022-09-14 13:10:26,613] [autoreload.py:251] [autoreload:trigger_reload] [INFO]- E:\zl\git-django-qyzs\django_wx_qhzs\polls\views.py changed, reloading.
[2022-09-14 13:10:27,845] [autoreload.py:637] [autoreload:run_with_reloader] [INFO]- Watching for file changes with StatReloader
[2022-09-14 13:10:33,695] [autoreload.py:251] [autoreload:trigger_reload] [INFO]- E:\zl\git-django-qyzs\django_wx_qhzs\polls\views.py changed, reloading.
[2022-09-14 13:10:34,819] [autoreload.py:637] [autoreload:run_with_reloader] [INFO]- Watching for file changes with StatReloader
[2022-09-14 13:10:37,227] [autoreload.py:251] [autoreload:trigger_reload] [INFO]- E:\zl\git-django-qyzs\django_wx_qhzs\polls\views.py changed, reloading.
[2022-09-14 13:10:38,257] [autoreload.py:637] [autoreload:run_with_reloader] [INFO]- Watching for file changes with StatReloader
[2022-09-14 13:11:15,017] [autoreload.py:251] [autoreload:trigger_reload] [INFO]- E:\zl\git-django-qyzs\django_wx_qhzs\polls\views.py changed, reloading.
[2022-09-14 13:11:16,228] [autoreload.py:637] [autoreload:run_with_reloader] [INFO]- Watching for file changes with StatReloader
[2022-09-14 13:11:20,911] [autoreload.py:251] [autoreload:trigger_reload] [INFO]- E:\zl\git-django-qyzs\django_wx_qhzs\polls\views.py changed, reloading.
[2022-09-14 13:11:22,024] [autoreload.py:637] [autoreload:run_with_reloader] [INFO]- Watching for file changes with StatReloader
[2022-09-14 13:11:36,001] [autoreload.py:251] [autoreload:trigger_reload] [INFO]- E:\zl\git-django-qyzs\django_wx_qhzs\polls\urls.py changed, reloading.
[2022-09-14 13:11:37,217] [autoreload.py:637] [autoreload:run_with_reloader] [INFO]- Watching for file changes with StatReloader
[2022-09-14 13:11:40,804] [autoreload.py:251] [autoreload:trigger_reload] [INFO]- E:\zl\git-django-qyzs\django_wx_qhzs\polls\urls.py changed, reloading.
[2022-09-14 13:11:41,797] [autoreload.py:637] [autoreload:run_with_reloader] [INFO]- Watching for file changes with StatReloader
[2022-09-14 13:11:47,198] [autoreload.py:251] [autoreload:trigger_reload] [INFO]- E:\zl\git-django-qyzs\django_wx_qhzs\polls\urls.py changed, reloading.
[2022-09-14 13:11:48,493] [autoreload.py:637] [autoreload:run_with_reloader] [INFO]- Watching for file changes with StatReloader
[2022-09-14 13:11:50,701] [autoreload.py:251] [autoreload:trigger_reload] [INFO]- E:\zl\git-django-qyzs\django_wx_qhzs\polls\urls.py changed, reloading.
[2022-09-14 13:11:51,684] [autoreload.py:637] [autoreload:run_with_reloader] [INFO]- Watching for file changes with StatReloader
[2022-09-14 13:11:59,264] [autoreload.py:251] [autoreload:trigger_reload] [INFO]- E:\zl\git-django-qyzs\django_wx_qhzs\polls\urls.py changed, reloading.
[2022-09-14 13:12:00,439] [autoreload.py:637] [autoreload:run_with_reloader] [INFO]- Watching for file changes with StatReloader
[2022-09-14 13:13:48,453] [autoreload.py:251] [autoreload:trigger_reload] [INFO]- E:\zl\git-django-qyzs\django_wx_qhzs\polls\models.py changed, reloading.
[2022-09-14 13:13:49,594] [autoreload.py:637] [autoreload:run_with_reloader] [INFO]- Watching for file changes with StatReloader
[2022-09-14 13:14:13,907] [autoreload.py:251] [autoreload:trigger_reload] [INFO]- E:\zl\git-django-qyzs\django_wx_qhzs\polls\models.py changed, reloading.
[2022-09-14 13:14:15,152] [autoreload.py:637] [autoreload:run_with_reloader] [INFO]- Watching for file changes with StatReloader
[2022-09-14 13:14:17,591] [autoreload.py:251] [autoreload:trigger_reload] [INFO]- E:\zl\git-django-qyzs\django_wx_qhzs\polls\models.py changed, reloading.
[2022-09-14 13:14:18,600] [autoreload.py:637] [autoreload:run_with_reloader] [INFO]- Watching for file changes with StatReloader
[2022-09-14 13:14:22,961] [autoreload.py:251] [autoreload:trigger_reload] [INFO]- E:\zl\git-django-qyzs\django_wx_qhzs\polls\models.py changed, reloading.
[2022-09-14 13:14:24,144] [autoreload.py:637] [autoreload:run_with_reloader] [INFO]- Watching for file changes with StatReloader
[2022-09-14 13:14:40,436] [autoreload.py:251] [autoreload:trigger_reload] [INFO]- E:\zl\git-django-qyzs\django_wx_qhzs\polls\models.py changed, reloading.
[2022-09-14 13:14:41,619] [autoreload.py:637] [autoreload:run_with_reloader] [INFO]- Watching for file changes with StatReloader
[2022-09-14 13:14:48,647] [autoreload.py:251] [autoreload:trigger_reload] [INFO]- E:\zl\git-django-qyzs\django_wx_qhzs\polls\models.py changed, reloading.
[2022-09-14 13:14:49,844] [autoreload.py:637] [autoreload:run_with_reloader] [INFO]- Watching for file changes with StatReloader
[2022-09-14 13:15:26,899] [autoreload.py:251] [autoreload:trigger_reload] [INFO]- E:\zl\git-django-qyzs\django_wx_qhzs\polls\models.py changed, reloading.
[2022-09-14 13:15:28,229] [autoreload.py:637] [autoreload:run_with_reloader] [INFO]- Watching for file changes with StatReloader
[2022-09-14 13:17:42,194] [basehttp.py:161] [basehttp:log_message] [INFO]- "GET / HTTP/1.1" 200 6021
[2022-09-14 13:18:05,159] [log.py:224] [log:log_response] [WARNING]- Not Found: /favicon.ico
[2022-09-14 13:18:05,159] [basehttp.py:161] [basehttp:log_message] [WARNING]- "GET /favicon.ico HTTP/1.1" 404 9655
[2022-09-14 13:18:05,752] [log.py:224] [log:log_response] [WARNING]- Not Found: /favicon.ico
[2022-09-14 13:18:05,753] [basehttp.py:161] [basehttp:log_message] [WARNING]- "GET /favicon.ico HTTP/1.1" 404 9655
[2022-09-14 13:18:06,354] [log.py:224] [log:log_response] [WARNING]- Not Found: /favicon.ico
[2022-09-14 13:18:06,354] [basehttp.py:161] [basehttp:log_message] [WARNING]- "GET /favicon.ico HTTP/1.1" 404 9655
[2022-09-14 13:18:06,969] [log.py:224] [log:log_response] [WARNING]- Not Found: /favicon.ico
[2022-09-14 13:18:06,969] [basehttp.py:161] [basehttp:log_message] [WARNING]- "GET /favicon.ico HTTP/1.1" 404 9655
[2022-09-14 13:18:07,569] [log.py:224] [log:log_response] [WARNING]- Not Found: /favicon.ico
[2022-09-14 13:18:07,570] [basehttp.py:161] [basehttp:log_message] [WARNING]- "GET /favicon.ico HTTP/1.1" 404 9655
[2022-09-14 13:18:08,188] [log.py:224] [log:log_response] [WARNING]- Not Found: /favicon.ico
[2022-09-14 13:18:08,189] [basehttp.py:161] [basehttp:log_message] [WARNING]- "GET /favicon.ico HTTP/1.1" 404 9655
[2022-09-14 13:18:08,803] [log.py:224] [log:log_response] [WARNING]- Not Found: /favicon.ico
[2022-09-14 13:18:08,803] [basehttp.py:161] [basehttp:log_message] [WARNING]- "GET /favicon.ico HTTP/1.1" 404 9655
[2022-09-14 13:18:09,405] [log.py:224] [log:log_response] [WARNING]- Not Found: /favicon.ico
[2022-09-14 13:18:09,406] [basehttp.py:161] [basehttp:log_message] [WARNING]- "GET /favicon.ico HTTP/1.1" 404 9655
[2022-09-14 13:18:10,022] [log.py:224] [log:log_response] [WARNING]- Not Found: /favicon.ico
[2022-09-14 13:18:10,023] [basehttp.py:161] [basehttp:log_message] [WARNING]- "GET /favicon.ico HTTP/1.1" 404 9655
[2022-09-14 13:18:10,611] [basehttp.py:161] [basehttp:log_message] [INFO]- "GET /newslist/ HTTP/1.1" 200 101956
[2022-09-14 13:18:10,714] [basehttp.py:161] [basehttp:log_message] [WARNING]- "GET /static/js/jquery-3.6.0.min.js HTTP/1.1" 404 1825
[2022-09-14 13:39:06,528] [autoreload.py:251] [autoreload:trigger_reload] [INFO]- E:\zl\git-django-qyzs\django_wx_qhzs\polls\views.py changed, reloading.
[2022-09-14 13:39:07,724] [autoreload.py:637] [autoreload:run_with_reloader] [INFO]- Watching for file changes with StatReloader
[2022-09-14 13:39:19,269] [autoreload.py:251] [autoreload:trigger_reload] [INFO]- E:\zl\git-django-qyzs\django_wx_qhzs\polls\views.py changed, reloading.
[2022-09-14 13:39:20,429] [autoreload.py:637] [autoreload:run_with_reloader] [INFO]- Watching for file changes with StatReloader
[2022-09-14 13:39:25,020] [autoreload.py:251] [autoreload:trigger_reload] [INFO]- E:\zl\git-django-qyzs\django_wx_qhzs\polls\views.py changed, reloading.
[2022-09-14 13:39:26,109] [autoreload.py:637] [autoreload:run_with_reloader] [INFO]- Watching for file changes with StatReloader
[2022-09-14 13:39:29,493] [autoreload.py:251] [autoreload:trigger_reload] [INFO]- E:\zl\git-django-qyzs\django_wx_qhzs\polls\views.py changed, reloading.
[2022-09-14 13:39:30,484] [autoreload.py:637] [autoreload:run_with_reloader] [INFO]- Watching for file changes with StatReloader
[2022-09-14 13:39:34,656] [autoreload.py:251] [autoreload:trigger_reload] [INFO]- E:\zl\git-django-qyzs\django_wx_qhzs\polls\views.py changed, reloading.
[2022-09-14 13:39:35,765] [autoreload.py:637] [autoreload:run_with_reloader] [INFO]- Watching for file changes with StatReloader
[2022-09-14 13:39:41,470] [autoreload.py:251] [autoreload:trigger_reload] [INFO]- E:\zl\git-django-qyzs\django_wx_qhzs\polls\views.py changed, reloading.
[2022-09-14 13:39:42,609] [autoreload.py:637] [autoreload:run_with_reloader] [INFO]- Watching for file changes with StatReloader
[2022-09-14 13:40:04,408] [autoreload.py:251] [autoreload:trigger_reload] [INFO]- E:\zl\git-django-qyzs\django_wx_qhzs\polls\views.py changed, reloading.
[2022-09-14 13:40:05,561] [autoreload.py:637] [autoreload:run_with_reloader] [INFO]- Watching for file changes with StatReloader
[2022-09-14 13:40:13,589] [autoreload.py:251] [autoreload:trigger_reload] [INFO]- E:\zl\git-django-qyzs\django_wx_qhzs\polls\views.py changed, reloading.
[2022-09-14 13:40:14,712] [autoreload.py:637] [autoreload:run_with_reloader] [INFO]- Watching for file changes with StatReloader
[2022-09-14 13:40:28,486] [autoreload.py:251] [autoreload:trigger_reload] [INFO]- E:\zl\git-django-qyzs\django_wx_qhzs\polls\views.py changed, reloading.
[2022-09-14 13:40:29,606] [autoreload.py:637] [autoreload:run_with_reloader] [INFO]- Watching for file changes with StatReloader
[2022-09-14 13:40:33,010] [autoreload.py:251] [autoreload:trigger_reload] [INFO]- E:\zl\git-django-qyzs\django_wx_qhzs\polls\views.py changed, reloading.
[2022-09-14 13:40:34,044] [autoreload.py:637] [autoreload:run_with_reloader] [INFO]- Watching for file changes with StatReloader
[2022-09-14 13:40:38,191] [autoreload.py:251] [autoreload:trigger_reload] [INFO]- E:\zl\git-django-qyzs\django_wx_qhzs\polls\views.py changed, reloading.
[2022-09-14 13:40:39,292] [autoreload.py:637] [autoreload:run_with_reloader] [INFO]- Watching for file changes with StatReloader
[2022-09-14 13:40:44,945] [autoreload.py:251] [autoreload:trigger_reload] [INFO]- E:\zl\git-django-qyzs\django_wx_qhzs\polls\views.py changed, reloading.
[2022-09-14 13:40:46,043] [autoreload.py:637] [autoreload:run_with_reloader] [INFO]- Watching for file changes with StatReloader
[2022-09-14 13:40:57,683] [autoreload.py:251] [autoreload:trigger_reload] [INFO]- E:\zl\git-django-qyzs\django_wx_qhzs\polls\views.py changed, reloading.
[2022-09-14 13:40:58,816] [autoreload.py:637] [autoreload:run_with_reloader] [INFO]- Watching for file changes with StatReloader
[2022-09-14 13:41:04,526] [autoreload.py:251] [autoreload:trigger_reload] [INFO]- E:\zl\git-django-qyzs\django_wx_qhzs\polls\views.py changed, reloading.
[2022-09-14 13:41:05,606] [autoreload.py:637] [autoreload:run_with_reloader] [INFO]- Watching for file changes with StatReloader
[2022-09-14 13:44:36,987] [autoreload.py:637] [autoreload:run_with_reloader] [INFO]- Watching for file changes with StatReloader
[2022-09-14 13:44:38,838] [basehttp.py:161] [basehttp:log_message] [INFO]- "GET / HTTP/1.1" 200 6021
[2022-09-14 13:45:03,846] [autoreload.py:251] [autoreload:trigger_reload] [INFO]- E:\zl\git-django-qyzs\django_wx_qhzs\polls\urls.py changed, reloading.
[2022-09-14 13:45:04,986] [autoreload.py:637] [autoreload:run_with_reloader] [INFO]- Watching for file changes with StatReloader
[2022-09-14 13:45:08,364] [autoreload.py:251] [autoreload:trigger_reload] [INFO]- E:\zl\git-django-qyzs\django_wx_qhzs\polls\urls.py changed, reloading.
[2022-09-14 13:45:09,353] [autoreload.py:637] [autoreload:run_with_reloader] [INFO]- Watching for file changes with StatReloader
[2022-09-14 13:45:12,468] [autoreload.py:251] [autoreload:trigger_reload] [INFO]- E:\zl\git-django-qyzs\django_wx_qhzs\polls\urls.py changed, reloading.
[2022-09-14 13:45:13,517] [autoreload.py:637] [autoreload:run_with_reloader] [INFO]- Watching for file changes with StatReloader
[2022-09-14 13:45:23,320] [autoreload.py:251] [autoreload:trigger_reload] [INFO]- E:\zl\git-django-qyzs\django_wx_qhzs\polls\urls.py changed, reloading.
[2022-09-14 13:45:24,416] [autoreload.py:637] [autoreload:run_with_reloader] [INFO]- Watching for file changes with StatReloader
[2022-09-14 13:45:28,892] [autoreload.py:251] [autoreload:trigger_reload] [INFO]- E:\zl\git-django-qyzs\django_wx_qhzs\polls\urls.py changed, reloading.
[2022-09-14 13:45:29,977] [autoreload.py:637] [autoreload:run_with_reloader] [INFO]- Watching for file changes with StatReloader
[2022-09-14 13:45:37,964] [autoreload.py:251] [autoreload:trigger_reload] [INFO]- E:\zl\git-django-qyzs\django_wx_qhzs\polls\urls.py changed, reloading.
[2022-09-14 13:45:39,087] [autoreload.py:637] [autoreload:run_with_reloader] [INFO]- Watching for file changes with StatReloader
[2022-09-14 13:45:48,183] [autoreload.py:251] [autoreload:trigger_reload] [INFO]- E:\zl\git-django-qyzs\django_wx_qhzs\polls\urls.py changed, reloading.
[2022-09-14 13:45:49,338] [autoreload.py:637] [autoreload:run_with_reloader] [INFO]- Watching for file changes with StatReloader
[2022-09-14 13:45:54,039] [autoreload.py:251] [autoreload:trigger_reload] [INFO]- E:\zl\git-django-qyzs\django_wx_qhzs\polls\urls.py changed, reloading.
[2022-09-14 13:45:55,238] [autoreload.py:637] [autoreload:run_with_reloader] [INFO]- Watching for file changes with StatReloader
[2022-09-14 13:46:06,213] [log.py:224] [log:log_response] [WARNING]- Not Found: /favicon.ico
[2022-09-14 13:46:06,214] [basehttp.py:161] [basehttp:log_message] [WARNING]- "GET /favicon.ico HTTP/1.1" 404 9968
[2022-09-14 13:46:06,800] [log.py:224] [log:log_response] [WARNING]- Not Found: /favicon.ico
[2022-09-14 13:46:06,801] [basehttp.py:161] [basehttp:log_message] [WARNING]- "GET /favicon.ico HTTP/1.1" 404 9968
[2022-09-14 13:46:07,417] [log.py:224] [log:log_response] [WARNING]- Not Found: /favicon.ico
[2022-09-14 13:46:07,418] [basehttp.py:161] [basehttp:log_message] [WARNING]- "GET /favicon.ico HTTP/1.1" 404 9968
[2022-09-14 13:46:08,179] [basehttp.py:161] [basehttp:log_message] [INFO]- "GET /newslist/ HTTP/1.1" 200 101965
[2022-09-14 13:46:08,378] [basehttp.py:161] [basehttp:log_message] [WARNING]- "GET /static/js/jquery-3.6.0.min.js HTTP/1.1" 404 1825
[2022-09-14 13:46:08,587] [basehttp.py:161] [basehttp:log_message] [WARNING]- "GET /static/js/jquery-3.6.0.min.js HTTP/1.1" 404 1825
[2022-09-14 13:46:09,837] [basehttp.py:161] [basehttp:log_message] [INFO]- "GET /addpark/ HTTP/1.1" 200 724
[2022-09-14 13:46:09,894] [basehttp.py:161] [basehttp:log_message] [WARNING]- "GET /static/js/jquery-3.6.0.min.js HTTP/1.1" 404 1825
[2022-09-14 13:46:12,479] [basehttp.py:161] [basehttp:log_message] [INFO]- "GET /parkadd/ HTTP/1.1" 200 11439
[2022-09-14 13:46:12,537] [basehttp.py:161] [basehttp:log_message] [WARNING]- "GET /static/js/jquery-3.6.0.min.js HTTP/1.1" 404 1825
[2022-09-14 13:46:15,197] [log.py:224] [log:log_response] [WARNING]- Not Found: /newsedit/1/
[2022-09-14 13:46:15,198] [basehttp.py:161] [basehttp:log_message] [WARNING]- "GET /newsedit/1/ HTTP/1.1" 404 9968
[2022-09-14 13:47:09,981] [autoreload.py:251] [autoreload:trigger_reload] [INFO]- E:\zl\git-django-qyzs\django_wx_qhzs\polls\urls.py changed, reloading.
[2022-09-14 13:47:11,074] [autoreload.py:637] [autoreload:run_with_reloader] [INFO]- Watching for file changes with StatReloader
[2022-09-14 13:47:18,057] [autoreload.py:251] [autoreload:trigger_reload] [INFO]- E:\zl\git-django-qyzs\django_wx_qhzs\polls\urls.py changed, reloading.
[2022-09-14 13:47:19,165] [autoreload.py:637] [autoreload:run_with_reloader] [INFO]- Watching for file changes with StatReloader
[2022-09-14 13:47:23,718] [autoreload.py:251] [autoreload:trigger_reload] [INFO]- E:\zl\git-django-qyzs\django_wx_qhzs\polls\urls.py changed, reloading.
[2022-09-14 13:47:24,884] [autoreload.py:637] [autoreload:run_with_reloader] [INFO]- Watching for file changes with StatReloader
[2022-09-14 13:47:31,687] [autoreload.py:251] [autoreload:trigger_reload] [INFO]- E:\zl\git-django-qyzs\django_wx_qhzs\polls\urls.py changed, reloading.
[2022-09-14 13:47:32,837] [autoreload.py:637] [autoreload:run_with_reloader] [INFO]- Watching for file changes with StatReloader
[2022-09-14 13:48:07,213] [autoreload.py:251] [autoreload:trigger_reload] [INFO]- E:\zl\git-django-qyzs\django_wx_qhzs\polls\views.py changed, reloading.
[2022-09-14 13:48:08,380] [autoreload.py:637] [autoreload:run_with_reloader] [INFO]- Watching for file changes with StatReloader
[2022-09-14 13:48:14,087] [autoreload.py:251] [autoreload:trigger_reload] [INFO]- E:\zl\git-django-qyzs\django_wx_qhzs\polls\views.py changed, reloading.
[2022-09-14 13:48:15,224] [autoreload.py:637] [autoreload:run_with_reloader] [INFO]- Watching for file changes with StatReloader
[2022-09-14 13:48:18,683] [autoreload.py:251] [autoreload:trigger_reload] [INFO]- E:\zl\git-django-qyzs\django_wx_qhzs\polls\views.py changed, reloading.
[2022-09-14 13:48:19,645] [autoreload.py:637] [autoreload:run_with_reloader] [INFO]- Watching for file changes with StatReloader
[2022-09-14 13:48:25,896] [log.py:224] [log:log_response] [WARNING]- Not Found: /newsedit/2/
[2022-09-14 13:48:25,896] [basehttp.py:161] [basehttp:log_message] [WARNING]- "GET /newsedit/2/ HTTP/1.1" 404 10140
[2022-09-14 13:48:29,320] [basehttp.py:161] [basehttp:log_message] [INFO]- "GET /newslist/ HTTP/1.1" 200 101965
[2022-09-14 13:48:29,511] [basehttp.py:161] [basehttp:log_message] [WARNING]- "GET /static/js/jquery-3.6.0.min.js HTTP/1.1" 404 1825
[2022-09-14 13:48:31,789] [log.py:224] [log:log_response] [WARNING]- Not Found: /newsedit/3/
[2022-09-14 13:48:31,790] [basehttp.py:161] [basehttp:log_message] [WARNING]- "GET /newsedit/3/ HTTP/1.1" 404 10140
[2022-09-14 13:48:39,850] [autoreload.py:637] [autoreload:run_with_reloader] [INFO]- Watching for file changes with StatReloader
[2022-09-14 13:48:43,208] [basehttp.py:161] [basehttp:log_message] [INFO]- "GET / HTTP/1.1" 200 6021
[2022-09-14 13:50:11,991] [autoreload.py:251] [autoreload:trigger_reload] [INFO]- E:\zl\git-django-qyzs\django_wx_qhzs\polls\urls.py changed, reloading.
[2022-09-14 13:50:13,282] [autoreload.py:637] [autoreload:run_with_reloader] [INFO]- Watching for file changes with StatReloader
[2022-09-14 13:51:05,900] [log.py:224] [log:log_response] [WARNING]- Not Found: /favicon.ico
[2022-09-14 13:51:05,903] [basehttp.py:161] [basehttp:log_message] [WARNING]- "GET /favicon.ico HTTP/1.1" 404 10140
[2022-09-14 13:51:06,502] [log.py:224] [log:log_response] [WARNING]- Not Found: /favicon.ico
[2022-09-14 13:51:06,503] [basehttp.py:161] [basehttp:log_message] [WARNING]- "GET /favicon.ico HTTP/1.1" 404 10140
[2022-09-14 13:51:07,101] [log.py:224] [log:log_response] [WARNING]- Not Found: /favicon.ico
[2022-09-14 13:51:07,102] [basehttp.py:161] [basehttp:log_message] [WARNING]- "GET /favicon.ico HTTP/1.1" 404 10140
[2022-09-14 13:51:07,407] [basehttp.py:161] [basehttp:log_message] [INFO]- "GET /newslist/ HTTP/1.1" 200 101965
[2022-09-14 13:51:07,540] [basehttp.py:161] [basehttp:log_message] [WARNING]- "GET /static/js/jquery-3.6.0.min.js HTTP/1.1" 404 1825
[2022-09-14 13:51:09,591] [log.py:224] [log:log_response] [WARNING]- Not Found: /newsedit/3/
[2022-09-14 13:51:09,592] [basehttp.py:161] [basehttp:log_message] [WARNING]- "GET /newsedit/3/ HTTP/1.1" 404 10140
[2022-09-14 13:51:12,884] [basehttp.py:161] [basehttp:log_message] [INFO]- "GET /addpark/ HTTP/1.1" 200 724
[2022-09-14 13:51:12,943] [basehttp.py:161] [basehttp:log_message] [WARNING]- "GET /static/js/jquery-3.6.0.min.js HTTP/1.1" 404 1825
[2022-09-14 13:51:15,572] [basehttp.py:161] [basehttp:log_message] [INFO]- "GET /parkadd/ HTTP/1.1" 200 11439
[2022-09-14 13:51:15,621] [basehttp.py:161] [basehttp:log_message] [WARNING]- "GET /static/js/jquery-3.6.0.min.js HTTP/1.1" 404 1825
[2022-09-14 13:51:20,918] [basehttp.py:161] [basehttp:log_message] [INFO]- "GET /parkadd/ HTTP/1.1" 200 11439
[2022-09-14 13:51:20,966] [basehttp.py:161] [basehttp:log_message] [WARNING]- "GET /static/js/jquery-3.6.0.min.js HTTP/1.1" 404 1825
[2022-09-14 13:53:31,824] [autoreload.py:637] [autoreload:run_with_reloader] [INFO]- Watching for file changes with StatReloader
[2022-09-14 13:53:50,189] [basehttp.py:161] [basehttp:log_message] [INFO]- "GET / HTTP/1.1" 200 6021
[2022-09-14 13:53:55,406] [log.py:224] [log:log_response] [WARNING]- Not Found: /favicon.ico
[2022-09-14 13:53:55,407] [basehttp.py:161] [basehttp:log_message] [WARNING]- "GET /favicon.ico HTTP/1.1" 404 10140
[2022-09-14 13:53:56,012] [log.py:224] [log:log_response] [WARNING]- Not Found: /favicon.ico
[2022-09-14 13:53:56,013] [basehttp.py:161] [basehttp:log_message] [WARNING]- "GET /favicon.ico HTTP/1.1" 404 10140
[2022-09-14 13:53:56,631] [log.py:224] [log:log_response] [WARNING]- Not Found: /favicon.ico
[2022-09-14 13:53:56,631] [basehttp.py:161] [basehttp:log_message] [WARNING]- "GET /favicon.ico HTTP/1.1" 404 10140
[2022-09-14 13:53:56,976] [basehttp.py:161] [basehttp:log_message] [INFO]- "GET /newslist/ HTTP/1.1" 200 101965
[2022-09-14 13:53:57,050] [basehttp.py:161] [basehttp:log_message] [WARNING]- "GET /static/js/jquery-3.6.0.min.js HTTP/1.1" 404 1825
[2022-09-14 13:53:58,346] [basehttp.py:161] [basehttp:log_message] [INFO]- "GET /parkadd/ HTTP/1.1" 200 11439
[2022-09-14 13:53:58,377] [basehttp.py:161] [basehttp:log_message] [WARNING]- "GET /static/js/jquery-3.6.0.min.js HTTP/1.1" 404 1825
[2022-09-14 13:55:17,125] [autoreload.py:637] [autoreload:run_with_reloader] [INFO]- Watching for file changes with StatReloader
[2022-09-14 13:55:21,001] [basehttp.py:161] [basehttp:log_message] [INFO]- "GET /newslist/ HTTP/1.1" 200 101965
[2022-09-14 13:55:21,161] [basehttp.py:161] [basehttp:log_message] [WARNING]- "GET /static/js/jquery-3.6.0.min.js HTTP/1.1" 404 1825
[2022-09-14 13:55:23,043] [basehttp.py:161] [basehttp:log_message] [INFO]- "GET /newsadd/ HTTP/1.1" 200 5624
[2022-09-14 13:55:23,075] [basehttp.py:161] [basehttp:log_message] [WARNING]- "GET /static/js/jquery-3.6.0.min.js HTTP/1.1" 404 1825
[2022-09-14 13:55:27,595] [basehttp.py:161] [basehttp:log_message] [INFO]- "GET /addnews/ HTTP/1.1" 200 639
[2022-09-14 13:55:27,636] [basehttp.py:161] [basehttp:log_message] [WARNING]- "GET /static/js/jquery-3.6.0.min.js HTTP/1.1" 404 1825
[2022-09-14 13:56:34,148] [basehttp.py:161] [basehttp:log_message] [INFO]- "GET /addnews/ HTTP/1.1" 200 705
[2022-09-14 13:56:34,188] [basehttp.py:161] [basehttp:log_message] [WARNING]- "GET /static/js/jquery-3.6.0.min.js HTTP/1.1" 404 1825
[2022-09-14 13:57:59,853] [basehttp.py:161] [basehttp:log_message] [INFO]- "GET /addnews/ HTTP/1.1" 200 740
[2022-09-14 13:57:59,887] [basehttp.py:161] [basehttp:log_message] [WARNING]- "GET /static/js/jquery-3.6.0.min.js HTTP/1.1" 404 1825
[2022-09-14 13:59:30,430] [autoreload.py:637] [autoreload:run_with_reloader] [INFO]- Watching for file changes with StatReloader
[2022-09-14 13:59:32,786] [basehttp.py:161] [basehttp:log_message] [INFO]- "GET / HTTP/1.1" 200 6021
[2022-09-14 14:00:07,187] [log.py:224] [log:log_response] [WARNING]- Not Found: /favicon.ico
[2022-09-14 14:00:07,188] [basehttp.py:161] [basehttp:log_message] [WARNING]- "GET /favicon.ico HTTP/1.1" 404 10140
[2022-09-14 14:00:07,800] [log.py:224] [log:log_response] [WARNING]- Not Found: /favicon.ico
[2022-09-14 14:00:07,800] [basehttp.py:161] [basehttp:log_message] [WARNING]- "GET /favicon.ico HTTP/1.1" 404 10140
[2022-09-14 14:00:08,208] [basehttp.py:161] [basehttp:log_message] [INFO]- "GET /homelist/ HTTP/1.1" 200 2559
[2022-09-14 14:00:08,289] [basehttp.py:161] [basehttp:log_message] [WARNING]- "GET /static/js/jquery-3.6.0.min.js HTTP/1.1" 404 1825
[2022-09-14 14:00:08,349] [basehttp.py:161] [basehttp:log_message] [WARNING]- "GET /static/js/jquery-3.6.0.min.js HTTP/1.1" 404 1825
[2022-09-14 14:00:12,587] [basehttp.py:161] [basehttp:log_message] [INFO]- "GET /parklist/ HTTP/1.1" 200 37738
[2022-09-14 14:00:12,630] [basehttp.py:161] [basehttp:log_message] [WARNING]- "GET /static/js/jquery-3.6.0.min.js HTTP/1.1" 404 1825
[2022-09-14 14:00:14,267] [basehttp.py:161] [basehttp:log_message] [INFO]- "GET /newslist/ HTTP/1.1" 200 101983
[2022-09-14 14:00:14,422] [basehttp.py:161] [basehttp:log_message] [WARNING]- "GET /static/js/jquery-3.6.0.min.js HTTP/1.1" 404 1825
[2022-09-14 14:44:55,322] [basehttp.py:161] [basehttp:log_message] [INFO]- "GET /newslist/ HTTP/1.1" 200 101983
[2022-09-14 14:44:55,496] [basehttp.py:161] [basehttp:log_message] [WARNING]- "GET /static/js/jquery-3.6.0.min.js HTTP/1.1" 404 1825
[2022-09-14 14:44:58,209] [log.py:224] [log:log_response] [WARNING]- Not Found: /favicon.ico
[2022-09-14 14:44:58,210] [basehttp.py:161] [basehttp:log_message] [WARNING]- "GET /favicon.ico HTTP/1.1" 404 10140
[2022-09-14 14:44:58,806] [log.py:224] [log:log_response] [WARNING]- Not Found: /favicon.ico
[2022-09-14 14:44:58,806] [basehttp.py:161] [basehttp:log_message] [WARNING]- "GET /favicon.ico HTTP/1.1" 404 10140
[2022-09-14 14:44:59,419] [log.py:224] [log:log_response] [WARNING]- Not Found: /favicon.ico
[2022-09-14 14:44:59,420] [basehttp.py:161] [basehttp:log_message] [WARNING]- "GET /favicon.ico HTTP/1.1" 404 10140
[2022-09-14 14:44:59,487] [basehttp.py:161] [basehttp:log_message] [INFO]- "GET /newslist HTTP/1.1" 301 0
[2022-09-14 14:44:59,771] [basehttp.py:161] [basehttp:log_message] [INFO]- "GET /newslist/ HTTP/1.1" 200 101983
[2022-09-14 14:44:59,851] [basehttp.py:161] [basehttp:log_message] [WARNING]- "GET /static/js/jquery-3.6.0.min.js HTTP/1.1" 404 1825
[2022-09-14 14:45:02,059] [basehttp.py:161] [basehttp:log_message] [INFO]- "GET /parklist/ HTTP/1.1" 200 37738
[2022-09-14 14:45:02,091] [basehttp.py:161] [basehttp:log_message] [WARNING]- "GET /static/js/jquery-3.6.0.min.js HTTP/1.1" 404 1825
[2022-09-14 14:45:18,677] [basehttp.py:161] [basehttp:log_message] [INFO]- "GET /addpark/ HTTP/1.1" 200 741
[2022-09-14 14:45:18,723] [basehttp.py:161] [basehttp:log_message] [WARNING]- "GET /static/js/jquery-3.6.0.min.js HTTP/1.1" 404 1825
[2022-09-14 14:45:39,552] [basehttp.py:161] [basehttp:log_message] [INFO]- "GET /parkadd/ HTTP/1.1" 200 11457
[2022-09-14 14:45:39,593] [basehttp.py:161] [basehttp:log_message] [WARNING]- "GET /static/js/jquery-3.6.0.min.js HTTP/1.1" 404 1825
[2022-09-14 14:46:11,647] [basehttp.py:161] [basehttp:log_message] [INFO]- "GET /newslist/ HTTP/1.1" 200 101983
[2022-09-14 14:46:11,706] [basehttp.py:161] [basehttp:log_message] [WARNING]- "GET /static/js/jquery-3.6.0.min.js HTTP/1.1" 404 1825
[2022-09-14 14:46:11,810] [basehttp.py:161] [basehttp:log_message] [WARNING]- "GET /static/js/jquery-3.6.0.min.js HTTP/1.1" 404 1825
[2022-09-14 14:46:13,411] [basehttp.py:161] [basehttp:log_message] [INFO]- "GET /parklist/ HTTP/1.1" 200 37738
[2022-09-14 14:46:13,449] [basehttp.py:161] [basehttp:log_message] [WARNING]- "GET /static/js/jquery-3.6.0.min.js HTTP/1.1" 404 1825
[2022-09-14 14:46:14,772] [basehttp.py:161] [basehttp:log_message] [INFO]- "GET /newslist/ HTTP/1.1" 200 101983
[2022-09-14 14:46:14,844] [basehttp.py:161] [basehttp:log_message] [WARNING]- "GET /static/js/jquery-3.6.0.min.js HTTP/1.1" 404 1825
[2022-09-14 14:46:14,954] [basehttp.py:161] [basehttp:log_message] [WARNING]- "GET /static/js/jquery-3.6.0.min.js HTTP/1.1" 404 1825
[2022-09-14 14:47:01,567] [basehttp.py:161] [basehttp:log_message] [INFO]- "GET /addnews/ HTTP/1.1" 200 740
[2022-09-14 14:47:01,601] [basehttp.py:161] [basehttp:log_message] [WARNING]- "GET /static/js/jquery-3.6.0.min.js HTTP/1.1" 404 1825
[2022-09-14 14:53:40,739] [log.py:224] [log:log_response] [WARNING]- Not Found: /favicon.ico
[2022-09-14 14:53:40,740] [basehttp.py:161] [basehttp:log_message] [WARNING]- "GET /favicon.ico HTTP/1.1" 404 10140
[2022-09-14 15:12:15,006] [autoreload.py:251] [autoreload:trigger_reload] [INFO]- E:\zl\git-django-qyzs\django_wx_qhzs\polls\models.py changed, reloading.
[2022-09-14 15:12:16,375] [autoreload.py:637] [autoreload:run_with_reloader] [INFO]- Watching for file changes with StatReloader
[2022-09-14 15:12:20,113] [autoreload.py:251] [autoreload:trigger_reload] [INFO]- E:\zl\git-django-qyzs\django_wx_qhzs\polls\models.py changed, reloading.
[2022-09-14 15:12:21,258] [autoreload.py:637] [autoreload:run_with_reloader] [INFO]- Watching for file changes with StatReloader
[2022-09-14 15:12:22,866] [autoreload.py:251] [autoreload:trigger_reload] [INFO]- E:\zl\git-django-qyzs\django_wx_qhzs\polls\models.py changed, reloading.
[2022-09-14 15:12:23,903] [autoreload.py:637] [autoreload:run_with_reloader] [INFO]- Watching for file changes with StatReloader
[2022-09-14 15:12:31,639] [autoreload.py:251] [autoreload:trigger_reload] [INFO]- E:\zl\git-django-qyzs\django_wx_qhzs\polls\models.py changed, reloading.
[2022-09-14 15:12:32,972] [autoreload.py:637] [autoreload:run_with_reloader] [INFO]- Watching for file changes with StatReloader
[2022-09-14 15:12:37,910] [autoreload.py:251] [autoreload:trigger_reload] [INFO]- E:\zl\git-django-qyzs\django_wx_qhzs\polls\models.py changed, reloading.
[2022-09-14 15:12:39,455] [autoreload.py:637] [autoreload:run_with_reloader] [INFO]- Watching for file changes with StatReloader
[2022-09-14 15:12:41,743] [autoreload.py:251] [autoreload:trigger_reload] [INFO]- E:\zl\git-django-qyzs\django_wx_qhzs\polls\models.py changed, reloading.
[2022-09-14 15:12:42,926] [autoreload.py:637] [autoreload:run_with_reloader] [INFO]- Watching for file changes with StatReloader
[2022-09-14 15:22:50,882] [autoreload.py:251] [autoreload:trigger_reload] [INFO]- E:\zl\git-django-qyzs\django_wx_qhzs\polls\models.py changed, reloading.
[2022-09-14 15:22:52,336] [autoreload.py:637] [autoreload:run_with_reloader] [INFO]- Watching for file changes with StatReloader
[2022-09-14 15:22:54,874] [autoreload.py:251] [autoreload:trigger_reload] [INFO]- E:\zl\git-django-qyzs\django_wx_qhzs\polls\models.py changed, reloading.
[2022-09-14 15:22:55,962] [autoreload.py:637] [autoreload:run_with_reloader] [INFO]- Watching for file changes with StatReloader
[2022-09-14 15:23:03,650] [autoreload.py:251] [autoreload:trigger_reload] [INFO]- E:\zl\git-django-qyzs\django_wx_qhzs\polls\models.py changed, reloading.
[2022-09-14 15:23:04,823] [autoreload.py:637] [autoreload:run_with_reloader] [INFO]- Watching for file changes with StatReloader
[2022-09-14 15:23:10,669] [autoreload.py:251] [autoreload:trigger_reload] [INFO]- E:\zl\git-django-qyzs\django_wx_qhzs\polls\models.py changed, reloading.
[2022-09-14 15:23:11,827] [autoreload.py:637] [autoreload:run_with_reloader] [INFO]- Watching for file changes with StatReloader
[2022-09-14 15:23:20,283] [autoreload.py:251] [autoreload:trigger_reload] [INFO]- E:\zl\git-django-qyzs\django_wx_qhzs\polls\models.py changed, reloading.
[2022-09-14 15:23:21,442] [autoreload.py:637] [autoreload:run_with_reloader] [INFO]- Watching for file changes with StatReloader
[2022-09-14 15:23:27,730] [autoreload.py:251] [autoreload:trigger_reload] [INFO]- E:\zl\git-django-qyzs\django_wx_qhzs\polls\models.py changed, reloading.
[2022-09-14 15:23:29,117] [autoreload.py:637] [autoreload:run_with_reloader] [INFO]- Watching for file changes with StatReloader
[2022-09-14 15:24:10,794] [autoreload.py:251] [autoreload:trigger_reload] [INFO]- E:\zl\git-django-qyzs\django_wx_qhzs\polls\models.py changed, reloading.
[2022-09-14 15:24:12,019] [autoreload.py:637] [autoreload:run_with_reloader] [INFO]- Watching for file changes with StatReloader
[2022-09-14 15:25:14,660] [autoreload.py:251] [autoreload:trigger_reload] [INFO]- E:\zl\git-django-qyzs\django_wx_qhzs\polls\models.py changed, reloading.
[2022-09-14 15:25:16,016] [autoreload.py:637] [autoreload:run_with_reloader] [INFO]- Watching for file changes with StatReloader
[2022-09-14 15:25:18,390] [autoreload.py:251] [autoreload:trigger_reload] [INFO]- E:\zl\git-django-qyzs\django_wx_qhzs\polls\models.py changed, reloading.
[2022-09-14 15:25:19,377] [autoreload.py:637] [autoreload:run_with_reloader] [INFO]- Watching for file changes with StatReloader
[2022-09-14 15:25:58,210] [autoreload.py:251] [autoreload:trigger_reload] [INFO]- E:\zl\git-django-qyzs\django_wx_qhzs\polls\models.py changed, reloading.
[2022-09-14 15:25:59,397] [autoreload.py:637] [autoreload:run_with_reloader] [INFO]- Watching for file changes with StatReloader
[2022-09-14 15:26:08,705] [autoreload.py:251] [autoreload:trigger_reload] [INFO]- E:\zl\git-django-qyzs\django_wx_qhzs\polls\models.py changed, reloading.
[2022-09-14 15:26:10,063] [autoreload.py:637] [autoreload:run_with_reloader] [INFO]- Watching for file changes with StatReloader
[2022-09-14 15:26:13,724] [autoreload.py:251] [autoreload:trigger_reload] [INFO]- E:\zl\git-django-qyzs\django_wx_qhzs\polls\models.py changed, reloading.
[2022-09-14 15:26:14,943] [autoreload.py:637] [autoreload:run_with_reloader] [INFO]- Watching for file changes with StatReloader
[2022-09-14 15:26:17,131] [autoreload.py:251] [autoreload:trigger_reload] [INFO]- E:\zl\git-django-qyzs\django_wx_qhzs\polls\models.py changed, reloading.
[2022-09-14 15:26:18,401] [autoreload.py:637] [autoreload:run_with_reloader] [INFO]- Watching for file changes with StatReloader
[2022-09-14 15:26:20,503] [autoreload.py:251] [autoreload:trigger_reload] [INFO]- E:\zl\git-django-qyzs\django_wx_qhzs\polls\models.py changed, reloading.
[2022-09-14 15:26:21,687] [autoreload.py:637] [autoreload:run_with_reloader] [INFO]- Watching for file changes with StatReloader
[2022-09-14 15:26:23,885] [autoreload.py:251] [autoreload:trigger_reload] [INFO]- E:\zl\git-django-qyzs\django_wx_qhzs\polls\models.py changed, reloading.
[2022-09-14 15:26:25,101] [autoreload.py:637] [autoreload:run_with_reloader] [INFO]- Watching for file changes with StatReloader
[2022-09-14 15:26:28,207] [autoreload.py:251] [autoreload:trigger_reload] [INFO]- E:\zl\git-django-qyzs\django_wx_qhzs\polls\models.py changed, reloading.
[2022-09-14 15:26:29,344] [autoreload.py:637] [autoreload:run_with_reloader] [INFO]- Watching for file changes with StatReloader
[2022-09-14 15:26:33,769] [autoreload.py:251] [autoreload:trigger_reload] [INFO]- E:\zl\git-django-qyzs\django_wx_qhzs\polls\models.py changed, reloading.
[2022-09-14 15:26:35,059] [autoreload.py:637] [autoreload:run_with_reloader] [INFO]- Watching for file changes with StatReloader
[2022-09-14 15:40:00,045] [autoreload.py:637] [autoreload:run_with_reloader] [INFO]- Watching for file changes with StatReloader
[2022-09-14 15:40:11,992] [basehttp.py:161] [basehttp:log_message] [INFO]- "GET / HTTP/1.1" 200 6021
[2022-09-14 15:40:40,226] [log.py:224] [log:log_response] [WARNING]- Not Found: /favicon.ico
[2022-09-14 15:40:40,227] [basehttp.py:161] [basehttp:log_message] [WARNING]- "GET /favicon.ico HTTP/1.1" 404 10140
[2022-09-14 15:40:40,834] [log.py:224] [log:log_response] [WARNING]- Not Found: /favicon.ico
[2022-09-14 15:40:40,835] [basehttp.py:161] [basehttp:log_message] [WARNING]- "GET /favicon.ico HTTP/1.1" 404 10140
[2022-09-14 15:40:41,247] [basehttp.py:161] [basehttp:log_message] [INFO]- "GET /homelist/ HTTP/1.1" 200 2559
[2022-09-14 15:40:41,297] [basehttp.py:161] [basehttp:log_message] [WARNING]- "GET /static/js/jquery-3.6.0.min.js HTTP/1.1" 404 1825
[2022-09-14 15:40:41,339] [basehttp.py:161] [basehttp:log_message] [WARNING]- "GET /static/js/jquery-3.6.0.min.js HTTP/1.1" 404 1825
[2022-09-14 15:40:44,966] [basehttp.py:161] [basehttp:log_message] [INFO]- "GET /parklist/ HTTP/1.1" 200 3359
[2022-09-14 15:40:45,000] [basehttp.py:161] [basehttp:log_message] [WARNING]- "GET /static/js/jquery-3.6.0.min.js HTTP/1.1" 404 1825
[2022-09-14 15:40:46,710] [basehttp.py:161] [basehttp:log_message] [INFO]- "GET /addpark/ HTTP/1.1" 200 741
[2022-09-14 15:40:46,755] [basehttp.py:161] [basehttp:log_message] [WARNING]- "GET /static/js/jquery-3.6.0.min.js HTTP/1.1" 404 1825
[2022-09-14 15:42:11,547] [basehttp.py:161] [basehttp:log_message] [INFO]- "POST /addpark/ HTTP/1.1" 200 741
[2022-09-14 15:42:11,581] [basehttp.py:161] [basehttp:log_message] [WARNING]- "GET /static/js/jquery-3.6.0.min.js HTTP/1.1" 404 1825
[2022-09-14 15:42:15,128] [basehttp.py:161] [basehttp:log_message] [INFO]- "GET /addpark/ HTTP/1.1" 200 741
[2022-09-14 15:42:16,816] [basehttp.py:161] [basehttp:log_message] [INFO]- "GET /parklist/ HTTP/1.1" 200 37738
[2022-09-14 15:42:16,850] [basehttp.py:161] [basehttp:log_message] [WARNING]- "GET /static/js/jquery-3.6.0.min.js HTTP/1.1" 404 1825
[2022-09-14 15:42:18,785] [basehttp.py:161] [basehttp:log_message] [INFO]- "GET /newslist/ HTTP/1.1" 200 3256
[2022-09-14 15:42:18,818] [basehttp.py:161] [basehttp:log_message] [WARNING]- "GET /static/js/jquery-3.6.0.min.js HTTP/1.1" 404 1825
[2022-09-14 15:42:19,827] [basehttp.py:161] [basehttp:log_message] [INFO]- "GET /addnews/ HTTP/1.1" 200 740
[2022-09-14 15:42:19,875] [basehttp.py:161] [basehttp:log_message] [WARNING]- "GET /static/js/jquery-3.6.0.min.js HTTP/1.1" 404 1825
[2022-09-14 15:42:27,650] [log.py:224] [log:log_response] [ERROR]- Internal Server Error: /addnews/
Traceback (most recent call last):
  File "C:\Users\young\AppData\Local\Programs\Python\Python38\lib\site-packages\django\core\handlers\exception.py", line 47, in inner
    response = get_response(request)
  File "C:\Users\young\AppData\Local\Programs\Python\Python38\lib\site-packages\django\core\handlers\base.py", line 181, in _get_response
    response = wrapped_callback(request, *callback_args, **callback_kwargs)
  File "E:\zl\git-django-qyzs\django_wx_qhzs\polls\views.py", line 234, in add_news
    fatherParkID= NewsPosts.objects.get(id=row[8].value)
  File "C:\Users\young\AppData\Local\Programs\Python\Python38\lib\site-packages\django\db\models\manager.py", line 85, in manager_method
    return getattr(self.get_queryset(), name)(*args, **kwargs)
  File "C:\Users\young\AppData\Local\Programs\Python\Python38\lib\site-packages\django\db\models\query.py", line 435, in get
    raise self.model.DoesNotExist(
polls.models.NewsPosts.DoesNotExist: NewsPosts matching query does not exist.
[2022-09-14 15:42:27,654] [basehttp.py:161] [basehttp:log_message] [ERROR]- "POST /addnews/ HTTP/1.1" 500 82138
[2022-09-14 15:43:57,133] [basehttp.py:161] [basehttp:log_message] [INFO]- "GET /newslist/ HTTP/1.1" 200 3256
[2022-09-14 15:43:57,175] [basehttp.py:161] [basehttp:log_message] [WARNING]- "GET /static/js/jquery-3.6.0.min.js HTTP/1.1" 404 1825
[2022-09-14 15:43:58,391] [basehttp.py:161] [basehttp:log_message] [INFO]- "GET /addnews/ HTTP/1.1" 200 740
[2022-09-14 15:43:58,439] [basehttp.py:161] [basehttp:log_message] [WARNING]- "GET /static/js/jquery-3.6.0.min.js HTTP/1.1" 404 1825
[2022-09-14 15:44:08,540] [log.py:224] [log:log_response] [ERROR]- Internal Server Error: /addnews/
Traceback (most recent call last):
  File "C:\Users\young\AppData\Local\Programs\Python\Python38\lib\site-packages\django\core\handlers\exception.py", line 47, in inner
    response = get_response(request)
  File "C:\Users\young\AppData\Local\Programs\Python\Python38\lib\site-packages\django\core\handlers\base.py", line 181, in _get_response
    response = wrapped_callback(request, *callback_args, **callback_kwargs)
  File "E:\zl\git-django-qyzs\django_wx_qhzs\polls\views.py", line 234, in add_news
    fatherParkID= NewsPosts.objects.get(id=row[8].value)
  File "C:\Users\young\AppData\Local\Programs\Python\Python38\lib\site-packages\django\db\models\manager.py", line 85, in manager_method
    return getattr(self.get_queryset(), name)(*args, **kwargs)
  File "C:\Users\young\AppData\Local\Programs\Python\Python38\lib\site-packages\django\db\models\query.py", line 435, in get
    raise self.model.DoesNotExist(
polls.models.NewsPosts.DoesNotExist: NewsPosts matching query does not exist.
[2022-09-14 15:44:08,542] [basehttp.py:161] [basehttp:log_message] [ERROR]- "POST /addnews/ HTTP/1.1" 500 82140
[2022-09-14 15:48:34,042] [log.py:224] [log:log_response] [ERROR]- Internal Server Error: /addnews/
Traceback (most recent call last):
  File "C:\Users\young\AppData\Local\Programs\Python\Python38\lib\site-packages\django\core\handlers\exception.py", line 47, in inner
    response = get_response(request)
  File "C:\Users\young\AppData\Local\Programs\Python\Python38\lib\site-packages\django\core\handlers\base.py", line 181, in _get_response
    response = wrapped_callback(request, *callback_args, **callback_kwargs)
  File "E:\zl\git-django-qyzs\django_wx_qhzs\polls\views.py", line 234, in add_news
    fatherParkID= NewsPosts.objects.get(id=row[8].value)
  File "C:\Users\young\AppData\Local\Programs\Python\Python38\lib\site-packages\django\db\models\manager.py", line 85, in manager_method
    return getattr(self.get_queryset(), name)(*args, **kwargs)
  File "C:\Users\young\AppData\Local\Programs\Python\Python38\lib\site-packages\django\db\models\query.py", line 435, in get
    raise self.model.DoesNotExist(
polls.models.NewsPosts.DoesNotExist: NewsPosts matching query does not exist.
[2022-09-14 15:48:34,044] [basehttp.py:161] [basehttp:log_message] [ERROR]- "POST /addnews/ HTTP/1.1" 500 84393
[2022-09-14 15:48:46,976] [basehttp.py:161] [basehttp:log_message] [INFO]- "GET /addnews/ HTTP/1.1" 200 740
[2022-09-14 15:48:47,032] [basehttp.py:161] [basehttp:log_message] [WARNING]- "GET /static/js/jquery-3.6.0.min.js HTTP/1.1" 404 1825
[2022-09-14 15:49:06,965] [log.py:224] [log:log_response] [ERROR]- Internal Server Error: /addnews/
Traceback (most recent call last):
  File "C:\Users\young\AppData\Local\Programs\Python\Python38\lib\site-packages\django\core\handlers\exception.py", line 47, in inner
    response = get_response(request)
  File "C:\Users\young\AppData\Local\Programs\Python\Python38\lib\site-packages\django\core\handlers\base.py", line 181, in _get_response
    response = wrapped_callback(request, *callback_args, **callback_kwargs)
  File "E:\zl\git-django-qyzs\django_wx_qhzs\polls\views.py", line 234, in add_news
    fatherParkID= NewsPosts.objects.get(id=row[8].value)
  File "C:\Users\young\AppData\Local\Programs\Python\Python38\lib\site-packages\django\db\models\manager.py", line 85, in manager_method
    return getattr(self.get_queryset(), name)(*args, **kwargs)
  File "C:\Users\young\AppData\Local\Programs\Python\Python38\lib\site-packages\django\db\models\query.py", line 435, in get
    raise self.model.DoesNotExist(
polls.models.NewsPosts.DoesNotExist: NewsPosts matching query does not exist.
[2022-09-14 15:49:06,969] [basehttp.py:161] [basehttp:log_message] [ERROR]- "POST /addnews/ HTTP/1.1" 500 84392
[2022-09-14 16:06:37,886] [log.py:224] [log:log_response] [WARNING]- Not Found: /favicon.ico
[2022-09-14 16:06:37,888] [basehttp.py:161] [basehttp:log_message] [WARNING]- "GET /favicon.ico HTTP/1.1" 404 10140
[2022-09-14 16:06:38,495] [log.py:224] [log:log_response] [WARNING]- Not Found: /favicon.ico
[2022-09-14 16:06:38,496] [basehttp.py:161] [basehttp:log_message] [WARNING]- "GET /favicon.ico HTTP/1.1" 404 10140
[2022-09-14 16:06:38,992] [basehttp.py:161] [basehttp:log_message] [INFO]- "GET / HTTP/1.1" 200 6021
[2022-09-14 16:06:51,558] [log.py:224] [log:log_response] [WARNING]- Not Found: /favicon.ico
[2022-09-14 16:06:51,559] [basehttp.py:161] [basehttp:log_message] [WARNING]- "GET /favicon.ico HTTP/1.1" 404 10140
[2022-09-14 16:06:52,196] [log.py:224] [log:log_response] [WARNING]- Not Found: /admin/
[2022-09-14 16:06:52,198] [basehttp.py:161] [basehttp:log_message] [WARNING]- "GET /admin/ HTTP/1.1" 404 10125
[2022-09-14 16:08:28,736] [autoreload.py:251] [autoreload:trigger_reload] [INFO]- E:\zl\git-django-qyzs\django_wx_qhzs\wxcloudrun\urls.py changed, reloading.
[2022-09-14 16:08:29,927] [autoreload.py:637] [autoreload:run_with_reloader] [INFO]- Watching for file changes with StatReloader
[2022-09-14 16:08:36,857] [log.py:224] [log:log_response] [WARNING]- Not Found: /favicon.ico
[2022-09-14 16:08:36,858] [basehttp.py:161] [basehttp:log_message] [WARNING]- "GET /favicon.ico HTTP/1.1" 404 10246
[2022-09-14 16:08:37,219] [basehttp.py:161] [basehttp:log_message] [INFO]- "GET /a/ HTTP/1.1" 200 10137
[2022-09-14 16:08:38,137] [views.py:40] [views:counter] [INFO]- response result: {"code": 0, "data": 0}
[2022-09-14 16:08:38,138] [basehttp.py:161] [basehttp:log_message] [INFO]- "GET /api/count HTTP/1.1" 200 22
[2022-09-14 16:39:08,896] [log.py:224] [log:log_response] [WARNING]- Not Found: /favicon.ico
[2022-09-14 16:39:08,897] [basehttp.py:161] [basehttp:log_message] [WARNING]- "GET /favicon.ico HTTP/1.1" 404 10246
[2022-09-14 16:39:09,177] [basehttp.py:161] [basehttp:log_message] [INFO]- "GET / HTTP/1.1" 200 6021
[2022-09-14 16:39:13,339] [basehttp.py:161] [basehttp:log_message] [INFO]- "GET /pack/ HTTP/1.1" 200 350820
[2022-09-14 16:39:13,736] [basehttp.py:161] [basehttp:log_message] [INFO]- "GET /static/rest_framework/fonts/glyphicons-halflings-regular.woff2 HTTP/1.1" 200 18028
[2022-09-14 16:39:20,918] [log.py:224] [log:log_response] [WARNING]- Not Found: /favicon.ico
[2022-09-14 16:39:20,919] [basehttp.py:161] [basehttp:log_message] [WARNING]- "GET /favicon.ico HTTP/1.1" 404 10246
[2022-09-14 16:39:21,298] [basehttp.py:161] [basehttp:log_message] [INFO]- "GET /pack/1 HTTP/1.1" 301 0
[2022-09-14 16:39:21,836] [basehttp.py:161] [basehttp:log_message] [INFO]- "GET /pack/1/ HTTP/1.1" 200 33147
[2022-09-14 16:39:30,522] [basehttp.py:161] [basehttp:log_message] [INFO]- "PUT /pack/1/ HTTP/1.1" 200 33048
[2022-09-14 17:13:23,983] [autoreload.py:251] [autoreload:trigger_reload] [INFO]- E:\zl\git-django-qyzs\django_wx_qhzs\polls\views.py changed, reloading.
[2022-09-14 17:13:25,239] [autoreload.py:637] [autoreload:run_with_reloader] [INFO]- Watching for file changes with StatReloader
[2022-09-14 17:13:31,212] [autoreload.py:251] [autoreload:trigger_reload] [INFO]- E:\zl\git-django-qyzs\django_wx_qhzs\polls\views.py changed, reloading.
[2022-09-14 17:13:32,357] [autoreload.py:637] [autoreload:run_with_reloader] [INFO]- Watching for file changes with StatReloader
[2022-09-14 17:13:55,557] [autoreload.py:251] [autoreload:trigger_reload] [INFO]- E:\zl\git-django-qyzs\django_wx_qhzs\polls\views.py changed, reloading.
[2022-09-14 17:13:56,619] [autoreload.py:637] [autoreload:run_with_reloader] [INFO]- Watching for file changes with StatReloader
[2022-09-14 17:13:58,918] [autoreload.py:251] [autoreload:trigger_reload] [INFO]- E:\zl\git-django-qyzs\django_wx_qhzs\polls\views.py changed, reloading.
[2022-09-14 17:13:59,880] [autoreload.py:637] [autoreload:run_with_reloader] [INFO]- Watching for file changes with StatReloader
[2022-09-14 17:14:08,537] [autoreload.py:251] [autoreload:trigger_reload] [INFO]- E:\zl\git-django-qyzs\django_wx_qhzs\polls\views.py changed, reloading.
[2022-09-14 17:14:09,610] [autoreload.py:637] [autoreload:run_with_reloader] [INFO]- Watching for file changes with StatReloader
[2022-09-14 17:14:19,971] [autoreload.py:251] [autoreload:trigger_reload] [INFO]- E:\zl\git-django-qyzs\django_wx_qhzs\polls\urls.py changed, reloading.
[2022-09-14 17:14:21,142] [autoreload.py:637] [autoreload:run_with_reloader] [INFO]- Watching for file changes with StatReloader
[2022-09-14 17:14:24,564] [autoreload.py:251] [autoreload:trigger_reload] [INFO]- E:\zl\git-django-qyzs\django_wx_qhzs\polls\urls.py changed, reloading.
[2022-09-14 17:14:25,579] [autoreload.py:637] [autoreload:run_with_reloader] [INFO]- Watching for file changes with StatReloader
[2022-09-14 17:14:30,900] [autoreload.py:251] [autoreload:trigger_reload] [INFO]- E:\zl\git-django-qyzs\django_wx_qhzs\polls\urls.py changed, reloading.
[2022-09-14 17:14:32,102] [autoreload.py:637] [autoreload:run_with_reloader] [INFO]- Watching for file changes with StatReloader
[2022-09-14 17:14:37,939] [autoreload.py:251] [autoreload:trigger_reload] [INFO]- E:\zl\git-django-qyzs\django_wx_qhzs\polls\urls.py changed, reloading.
[2022-09-14 17:14:39,028] [autoreload.py:637] [autoreload:run_with_reloader] [INFO]- Watching for file changes with StatReloader
[2022-09-14 17:14:42,328] [autoreload.py:251] [autoreload:trigger_reload] [INFO]- E:\zl\git-django-qyzs\django_wx_qhzs\polls\urls.py changed, reloading.
[2022-09-14 17:14:43,355] [autoreload.py:637] [autoreload:run_with_reloader] [INFO]- Watching for file changes with StatReloader
[2022-09-14 17:14:45,325] [autoreload.py:251] [autoreload:trigger_reload] [INFO]- E:\zl\git-django-qyzs\django_wx_qhzs\polls\urls.py changed, reloading.
[2022-09-14 17:14:46,264] [autoreload.py:637] [autoreload:run_with_reloader] [INFO]- Watching for file changes with StatReloader
[2022-09-14 17:14:56,074] [autoreload.py:251] [autoreload:trigger_reload] [INFO]- E:\zl\git-django-qyzs\django_wx_qhzs\polls\urls.py changed, reloading.
[2022-09-14 17:14:57,224] [autoreload.py:637] [autoreload:run_with_reloader] [INFO]- Watching for file changes with StatReloader
[2022-09-14 17:15:04,194] [autoreload.py:251] [autoreload:trigger_reload] [INFO]- E:\zl\git-django-qyzs\django_wx_qhzs\polls\views.py changed, reloading.
[2022-09-14 17:15:05,325] [autoreload.py:637] [autoreload:run_with_reloader] [INFO]- Watching for file changes with StatReloader
[2022-09-14 17:15:15,248] [log.py:224] [log:log_response] [WARNING]- Not Found: /favicon.ico
[2022-09-14 17:15:15,248] [basehttp.py:161] [basehttp:log_message] [WARNING]- "GET /favicon.ico HTTP/1.1" 404 10399
[2022-09-14 17:15:15,844] [log.py:224] [log:log_response] [WARNING]- Not Found: /favicon.ico
[2022-09-14 17:15:15,845] [basehttp.py:161] [basehttp:log_message] [WARNING]- "GET /favicon.ico HTTP/1.1" 404 10399
[2022-09-14 17:15:16,168] [basehttp.py:161] [basehttp:log_message] [INFO]- "GET /login HTTP/1.1" 301 0
[2022-09-14 17:15:16,176] [basehttp.py:161] [basehttp:log_message] [INFO]- "GET /login/ HTTP/1.1" 200 478
[2022-09-14 17:17:25,262] [basehttp.py:161] [basehttp:log_message] [INFO]- "GET /login/ HTTP/1.1" 200 2942
[2022-09-14 17:17:25,297] [basehttp.py:161] [basehttp:log_message] [WARNING]- "GET /static/js/jquery-3.6.0.min.js HTTP/1.1" 404 1825
[2022-09-14 17:17:25,341] [basehttp.py:161] [basehttp:log_message] [WARNING]- "GET /static/js/jquery-3.6.0.min.js HTTP/1.1" 404 1825
[2022-09-14 17:25:49,296] [autoreload.py:251] [autoreload:trigger_reload] [INFO]- E:\zl\git-django-qyzs\django_wx_qhzs\wxcloudrun\urls.py changed, reloading.
[2022-09-14 17:25:50,378] [autoreload.py:637] [autoreload:run_with_reloader] [INFO]- Watching for file changes with StatReloader
